c:\users\adolphe\desktop\backup\project1\debug\vc140.pdb
c:\users\adolphe\desktop\backup\project1\debug\vc140.idb
c:\users\adolphe\desktop\backup\project1\debug\extras.obj
c:\users\adolphe\desktop\backup\project1\debug\extrasdao.obj
c:\users\adolphe\desktop\backup\project1\debug\hobbies.obj
c:\users\adolphe\desktop\backup\project1\debug\hobbiesdao.obj
c:\users\adolphe\desktop\backup\project1\debug\inbox.obj
c:\users\adolphe\desktop\backup\project1\debug\interests.obj
c:\users\adolphe\desktop\backup\project1\debug\interestsdao.obj
c:\users\adolphe\desktop\backup\project1\debug\login.obj
c:\users\adolphe\desktop\backup\project1\debug\menu.obj
c:\users\adolphe\desktop\backup\project1\debug\messages.obj
c:\users\adolphe\desktop\backup\project1\debug\messagesdao.obj
c:\users\adolphe\desktop\backup\project1\debug\profiles.obj
c:\users\adolphe\desktop\backup\project1\debug\profilesdao.obj
c:\users\adolphe\desktop\backup\project1\debug\sha512.obj
c:\users\adolphe\desktop\backup\project1\debug\source.obj
c:\users\adolphe\desktop\backup\project1\debug\stdafx.obj
c:\users\adolphe\desktop\backup\project1\debug\users.obj
c:\users\adolphe\desktop\backup\project1\debug\usersdao.obj
c:\users\adolphe\desktop\backup\project1\debug\wishlist.obj
c:\users\adolphe\desktop\backup\project1\debug\wishlistdao.obj
c:\users\adolphe\desktop\backup\project1\debug\adres.obj
c:\users\adolphe\desktop\backup\project1\debug\adresdao.obj
c:\users\adolphe\desktop\backup\project1\debug\databasesingleton.obj
c:\users\adolphe\desktop\backup\debug\project1.ilk
c:\users\adolphe\desktop\backup\debug\project1.exe
c:\users\adolphe\desktop\backup\debug\project1.pdb
c:\users\adolphe\desktop\backup\project1\debug\menu.obj.enc
c:\users\adolphe\desktop\backup\project1\debug\source.obj.enc
c:\users\adolphe\desktop\backup\project1\debug\project1.tlog\cl.command.1.tlog
c:\users\adolphe\desktop\backup\project1\debug\project1.tlog\cl.read.1.tlog
c:\users\adolphe\desktop\backup\project1\debug\project1.tlog\cl.write.1.tlog
c:\users\adolphe\desktop\backup\project1\debug\project1.tlog\link.command.1.tlog
c:\users\adolphe\desktop\backup\project1\debug\project1.tlog\link.read.1.tlog
c:\users\adolphe\desktop\backup\project1\debug\project1.tlog\link.write.1.tlog
